Determining if the pthread_create exist failed with the following output:
Change Dir: /home/jetson/pursuit_evasion_ws/build/CMakeFiles/CMakeTmp

Run Build Command:"/usr/bin/make" "cmTC_c9117/fast"
/usr/bin/make -f CMakeFiles/cmTC_c9117.dir/build.make CMakeFiles/cmTC_c9117.dir/build
make[1]: Entering directory '/home/jetson/pursuit_evasion_ws/build/CMakeFiles/CMakeTmp'
Building C object CMakeFiles/cmTC_c9117.dir/CheckSymbolExists.c.o
/usr/bin/cc    -o CMakeFiles/cmTC_c9117.dir/CheckSymbolExists.c.o   -c /home/jetson/pursuit_evasion_ws/build/CMakeFiles/CMakeTmp/CheckSymbolExists.c
Linking C executable cmTC_c9117
/usr/bin/cmake -E cmake_link_script CMakeFiles/cmTC_c9117.dir/link.txt --verbose=1
/usr/bin/cc      -rdynamic CMakeFiles/cmTC_c9117.dir/CheckSymbolExists.c.o  -o cmTC_c9117 
CMakeFiles/cmTC_c9117.dir/CheckSymbolExists.c.o: In function `main':
CheckSymbolExists.c:(.text+0x14): undefined reference to `pthread_create'
CheckSymbolExists.c:(.text+0x18): undefined reference to `pthread_create'
collect2: error: ld returned 1 exit status
CMakeFiles/cmTC_c9117.dir/build.make:97: recipe for target 'cmTC_c9117' failed
make[1]: *** [cmTC_c9117] Error 1
make[1]: Leaving directory '/home/jetson/pursuit_evasion_ws/build/CMakeFiles/CMakeTmp'
Makefile:126: recipe for target 'cmTC_c9117/fast' failed
make: *** [cmTC_c9117/fast] Error 2

File /home/jetson/pursuit_evasion_ws/build/CMakeFiles/CMakeTmp/CheckSymbolExists.c:
/* */
#include <pthread.h>

int main(int argc, char** argv)
{
  (void)argv;
#ifndef pthread_create
  return ((int*)(&pthread_create))[argc];
#else
  (void)argc;
  return 0;
#endif
}

Determining if the function pthread_create exists in the pthreads failed with the following output:
Change Dir: /home/jetson/pursuit_evasion_ws/build/CMakeFiles/CMakeTmp

Run Build Command:"/usr/bin/make" "cmTC_d729e/fast"
/usr/bin/make -f CMakeFiles/cmTC_d729e.dir/build.make CMakeFiles/cmTC_d729e.dir/build
make[1]: Entering directory '/home/jetson/pursuit_evasion_ws/build/CMakeFiles/CMakeTmp'
Building C object CMakeFiles/cmTC_d729e.dir/CheckFunctionExists.c.o
/usr/bin/cc   -DCHECK_FUNCTION_EXISTS=pthread_create   -o CMakeFiles/cmTC_d729e.dir/CheckFunctionExists.c.o   -c /usr/share/cmake-3.10/Modules/CheckFunctionExists.c
Linking C executable cmTC_d729e
/usr/bin/cmake -E cmake_link_script CMakeFiles/cmTC_d729e.dir/link.txt --verbose=1
/usr/bin/cc  -DCHECK_FUNCTION_EXISTS=pthread_create    -rdynamic CMakeFiles/cmTC_d729e.dir/CheckFunctionExists.c.o  -o cmTC_d729e -lpthreads 
/usr/bin/ld: cannot find -lpthreads
collect2: error: ld returned 1 exit status
CMakeFiles/cmTC_d729e.dir/build.make:97: recipe for target 'cmTC_d729e' failed
make[1]: *** [cmTC_d729e] Error 1
make[1]: Leaving directory '/home/jetson/pursuit_evasion_ws/build/CMakeFiles/CMakeTmp'
Makefile:126: recipe for target 'cmTC_d729e/fast' failed
make: *** [cmTC_d729e/fast] Error 2


